<?xml version="1.0" encoding="UTF-8"?>
<!-- Generated by org.testng.reporters.JUnitReportReporter -->
<testsuite skipped="0" hostname="DESKTOP-7OHLFGO" name="SampleTest.SampleTest" tests="1" failures="0" timestamp="27 Oct 2018 11:33:17 GMT" time="19.722" errors="0">
  <testcase name="loginTest" time="19.722" classname="SampleTest.SampleTest"/>
</testsuite> <!-- SampleTest.SampleTest -->
